





























-------------------------------------------------------------------------------
   ROBOCOPY     ::     Robust File Copy for Windows
-------------------------------------------------------------------------------  Started : Friday, March 20, 2026 1:20:54 PM
   Source : D:\zPython\lpython\inst\
     Dest : D:\USESoft\lpython\    Files : *.*    
Exc Files : smoke.py    smoke.out    smoke.out.tmp.o    smoke.lib    math_smoke.py    math_smoke.out    math_smoke.out.tmp.o    math_smoke.lib    math_import_only.py    math_import_only.out    math_import_only.out.tmp.o    math_import_only.lib    
  Options : *.* /S /E /DCOPY:DA /COPY:DAT /PURGE /MIR /R:2 /W:1 ------------------------------------------------------------------------------                  16D:\zPython\lpython\inst\
100%      Newer         3159install-lpython.ps1
            Newer                   2326        LICE100%  NSE
100%        Newer                   7706        README.md
                           4    D:\zPython\lpython\inst\bin\
            Newer                 37.7 m        lpy 13.2%thon-real.exe 26.4% 58.2% 87.3%100%  
100%        Newer                   1380        lpython.cmd
            Newer                  87040        lpython_r100%  untime.dll
100%        Newer                  89088        zlib.dll
                           0    D:\zPython\lpython\inst\share\
          New Dir          2    D:\zPython\lpython\inst\share\lfortran\
100%        New File                 379        dat_convert.py
            New File                7175        dwarf_convert.py100%  
                           0    D:\zPython\lpython\inst\share\lpython\
                          14    D:\zPython\lpython\inst\share\lpython\lib\
            New File                4368        c100%  math.py
            New File               24565        lpython_builtin.py100%  
            New File                7311        lpython_intrinsic_n100%  umpy.py
            New File                4863        lpython_parser.py100%  
100%        Newer                  62010        lpython_runtime.lib
100%        Newer                 325600        lpython_runtime_static.lib
100%        New File               14552        math.py
100%        New File                 845        os.py
100%        New File                 119        platform.py
100%        New File                2348        random.py
            New File               12058        stat100%  istics.py
100%        New File                 429        string.py
100%        New File                 726        sys.py
            New File                 125        time.py100%  
          New Dir          1    D:\zPython\lpython\inst\share\lpython\lib\lpython\
            New File               25203        lpyth100%  on.py

------------------------------------------------------------------------------

               Total    Copied   Skipped  Mismatch    FAILED    Extras
    Dirs :         7         2         5         0         0         0
   Files :        37        24        13         0         0         0
   Bytes :   38.83 m   38.42 m   423.8 k         0         0         0
   Times :   0:00:00   0:00:00                       0:00:00   0:00:00


   Speed :           253,403,666 Bytes/sec.
   Speed :            14,499.874 MegaBytes/min.
   Ended : Friday, March 20, 2026 1:20:54 PM

