[?9001h[?1004h[?25l[2J[m[H




























[H]0;C:\Users\Alexander\AppData\Local\micromamba\micromamba.exe[?25h[0/1] Re-running CMake...[K-- Found LLVM 11.1.0
[?25l-- Using LLVMConfig.cmake in: C:/Users/Alexander/micromamba/envs/lpython/Library/lib/cmake/llvm
-- ZLIB LIBRARY PATH: C:/Users/Alexander/micromamba/envs/lpython/Library/lib[6;1HConfiguration results
---------------------
[?25hLPYTHON_VERSION: 0.1-git
CPACK_PACKAGE_FILE_NAME: lpython-0.1.1-Source
C compiler      : C:/Program Files/Microsoft Visual Studio/18/Community/VC/Tools/MSVC/14.50.35717/bin/Hostx64/x64/cl.exe
C++ compiler    : C:/Program Files/Microsoft Visual Studio/18/Community/VC/Tools/MSVC/14.50.35717/bin/Hostx64/x64/cl.exe
Build type: Release
C compiler flags      : /MD /O2 /Ob2 /DNDEBUG
C++ compiler flags    : /MD /O2 /Ob2 /DNDEBUG
Installation prefix: D:/zPython/lpython/inst
WITH_LFORTRAN_ASSERT: no
LPYTHON_STATIC_BIN: no
LPYTHON_BUILD_TO_WASM: no
WITH_STACKTRACE: no
WITH_RUNTIME_STACKTRACE: no
WITH_UNWIND: no
WITH_BFD: no
WITH_DWARFDUMP: no
WITH_LINKH: no
WITH_MACHO: no
HAVE_LFORTRAN_DEMANGLE: no
WITH_LLVM: yes
WITH_XEUS: no
WITH_JSON: no
WITH_LSP: no
WITH_FMT: no
WITH_LFORTRAN_BINARY_MODFILES: YES
WITH_RUNTIME_LIBRARY: YES
WITH_WHEREAMI: yes
WITH_ZLIB: yes
WITH_TARGET_AARCH64: no
WITH_TARGET_X86: yes
-- Configuring done (0.7s)
-- Generating done (0.1s)
-- Build files have been written to: D:/zPython/lpython

[0/4] Building C object src\runtime\legacy\CMakeFiles\lpyt...\__\__\libasr\src\libasr\runtime\lfortran_intrinsics.c.obj [30;120H[1/4] Building C object src\runtime\legacy\CMakeFiles\lpyt...\__\__\libasr\src\libasr\runtime\lfortran_intrinsics.c.obj [30;120H
[31mFAILED: [msrc/runtime/legacy/CMakeFiles/lpython_runtime_static.dir/__/__/__/libasr/src/libasr/runtime/lfortran_intrinsics [30;1H
C:\PROGRA~1\MIB055~1\18\COMMUN~1\VC\Tools\MSVC\1450~1.357\bin\Hostx64\x64\cl.exe  /nologo -DHAVE_TARGET_X86=1 -DHAVE_WHc[30;1H
D:\zPython\lpython\libasr\src\libasr\runtime\lfortran_intrinsics.c(1): fatal error C1083: Cannot open include file: 'sty[30;1H
ninja: build stopped: subcommand failed.
[?9001l[?1004l